[main] INFO  org.springframework.context.support.ClassPathXmlApplicationContext  - Refreshing org.springframework.context.support.ClassPathXmlApplicationContext@73ad2d6: display name [org.springframework.context.support.ClassPathXmlApplicationContext@73ad2d6]; startup date [Mon Sep 05 17:25:14 IST 2022]; root of context hierarchy
[main] INFO  org.springframework.beans.factory.xml.XmlBeanDefinitionReader  - Loading XML bean definitions from class path resource [spring.xml]
[main] INFO  org.springframework.context.support.ClassPathXmlApplicationContext  - Refreshing org.springframework.context.support.ClassPathXmlApplicationContext@707f7052: display name [org.springframework.context.support.ClassPathXmlApplicationContext@707f7052]; startup date [Mon Sep 05 17:27:47 IST 2022]; root of context hierarchy
[main] INFO  org.springframework.beans.factory.xml.XmlBeanDefinitionReader  - Loading XML bean definitions from class path resource [spring.xml]
[main] INFO  org.springframework.context.support.ClassPathXmlApplicationContext  - Refreshing org.springframework.context.support.ClassPathXmlApplicationContext@707f7052: display name [org.springframework.context.support.ClassPathXmlApplicationContext@707f7052]; startup date [Mon Sep 05 17:34:16 IST 2022]; root of context hierarchy
[main] INFO  org.springframework.beans.factory.xml.XmlBeanDefinitionReader  - Loading XML bean definitions from class path resource [spring.xml]
[main] INFO  org.springframework.context.support.ClassPathXmlApplicationContext  - Refreshing org.springframework.context.support.ClassPathXmlApplicationContext@707f7052: display name [org.springframework.context.support.ClassPathXmlApplicationContext@707f7052]; startup date [Mon Sep 05 17:35:08 IST 2022]; root of context hierarchy
[main] INFO  org.springframework.beans.factory.xml.XmlBeanDefinitionReader  - Loading XML bean definitions from class path resource [spring.xml]
[main] INFO  org.springframework.context.support.ClassPathXmlApplicationContext  - Refreshing org.springframework.context.support.ClassPathXmlApplicationContext@73ad2d6: display name [org.springframework.context.support.ClassPathXmlApplicationContext@73ad2d6]; startup date [Mon Sep 05 17:43:20 IST 2022]; root of context hierarchy
[main] INFO  org.springframework.beans.factory.xml.XmlBeanDefinitionReader  - Loading XML bean definitions from class path resource [spring.xml]
[main] INFO  org.springframework.context.support.ClassPathXmlApplicationContext  - Bean factory for application context [org.springframework.context.support.ClassPathXmlApplicationContext@73ad2d6]: org.springframework.beans.factory.support.DefaultListableBeanFactory@f8c1ddd
[main] INFO  org.springframework.beans.factory.support.DefaultListableBeanFactory  - Pre-instantiating singletons in org.springframework.beans.factory.support.DefaultListableBeanFactory@f8c1ddd: defining beans [mailSender,velocityEngine,mailService]; root of factory hierarchy
[main] INFO  org.apache.velocity.app.VelocityEngine  - LogSystem has been deprecated. Please use a LogChute implementation.
[main] INFO  org.springframework.beans.factory.support.DefaultListableBeanFactory  - Destroying singletons in org.springframework.beans.factory.support.DefaultListableBeanFactory@f8c1ddd: defining beans [mailSender,velocityEngine,mailService]; root of factory hierarchy
[main] INFO  org.springframework.context.support.ClassPathXmlApplicationContext  - Refreshing org.springframework.context.support.ClassPathXmlApplicationContext@707f7052: display name [org.springframework.context.support.ClassPathXmlApplicationContext@707f7052]; startup date [Mon Sep 05 17:48:20 IST 2022]; root of context hierarchy
[main] INFO  org.springframework.beans.factory.xml.XmlBeanDefinitionReader  - Loading XML bean definitions from class path resource [spring.xml]
[main] INFO  org.springframework.context.support.ClassPathXmlApplicationContext  - Bean factory for application context [org.springframework.context.support.ClassPathXmlApplicationContext@707f7052]: org.springframework.beans.factory.support.DefaultListableBeanFactory@3d8c7aca
[main] INFO  org.springframework.beans.factory.support.DefaultListableBeanFactory  - Pre-instantiating singletons in org.springframework.beans.factory.support.DefaultListableBeanFactory@3d8c7aca: defining beans [mailSender,velocityEngine,mailService]; root of factory hierarchy
[main] INFO  org.apache.velocity.app.VelocityEngine  - LogSystem has been deprecated. Please use a LogChute implementation.
[main] INFO  org.springframework.beans.factory.support.DefaultListableBeanFactory  - Destroying singletons in org.springframework.beans.factory.support.DefaultListableBeanFactory@3d8c7aca: defining beans [mailSender,velocityEngine,mailService]; root of factory hierarchy
[main] INFO  org.springframework.context.support.ClassPathXmlApplicationContext  - Refreshing org.springframework.context.support.ClassPathXmlApplicationContext@73ad2d6: display name [org.springframework.context.support.ClassPathXmlApplicationContext@73ad2d6]; startup date [Mon Sep 05 17:50:44 IST 2022]; root of context hierarchy
[main] INFO  org.springframework.beans.factory.xml.XmlBeanDefinitionReader  - Loading XML bean definitions from class path resource [spring.xml]
[main] INFO  org.springframework.context.support.ClassPathXmlApplicationContext  - Bean factory for application context [org.springframework.context.support.ClassPathXmlApplicationContext@73ad2d6]: org.springframework.beans.factory.support.DefaultListableBeanFactory@f8c1ddd
[main] INFO  org.springframework.beans.factory.support.DefaultListableBeanFactory  - Pre-instantiating singletons in org.springframework.beans.factory.support.DefaultListableBeanFactory@f8c1ddd: defining beans [mailSender,velocityEngine,mailService]; root of factory hierarchy
[main] INFO  org.apache.velocity.app.VelocityEngine  - LogSystem has been deprecated. Please use a LogChute implementation.
[main] INFO  org.springframework.beans.factory.support.DefaultListableBeanFactory  - Destroying singletons in org.springframework.beans.factory.support.DefaultListableBeanFactory@f8c1ddd: defining beans [mailSender,velocityEngine,mailService]; root of factory hierarchy
[main] INFO  org.springframework.context.support.ClassPathXmlApplicationContext  - Refreshing org.springframework.context.support.ClassPathXmlApplicationContext@707f7052: display name [org.springframework.context.support.ClassPathXmlApplicationContext@707f7052]; startup date [Mon Sep 05 17:51:19 IST 2022]; root of context hierarchy
[main] INFO  org.springframework.beans.factory.xml.XmlBeanDefinitionReader  - Loading XML bean definitions from class path resource [spring.xml]
[main] INFO  org.springframework.context.support.ClassPathXmlApplicationContext  - Bean factory for application context [org.springframework.context.support.ClassPathXmlApplicationContext@707f7052]: org.springframework.beans.factory.support.DefaultListableBeanFactory@3d8c7aca
[main] INFO  org.springframework.beans.factory.support.DefaultListableBeanFactory  - Pre-instantiating singletons in org.springframework.beans.factory.support.DefaultListableBeanFactory@3d8c7aca: defining beans [mailSender,velocityEngine,mailService]; root of factory hierarchy
[main] INFO  org.apache.velocity.app.VelocityEngine  - LogSystem has been deprecated. Please use a LogChute implementation.
[main] INFO  org.springframework.beans.factory.support.DefaultListableBeanFactory  - Destroying singletons in org.springframework.beans.factory.support.DefaultListableBeanFactory@3d8c7aca: defining beans [mailSender,velocityEngine,mailService]; root of factory hierarchy
[main] INFO  org.springframework.context.support.ClassPathXmlApplicationContext  - Refreshing org.springframework.context.support.ClassPathXmlApplicationContext@707f7052: display name [org.springframework.context.support.ClassPathXmlApplicationContext@707f7052]; startup date [Mon Sep 05 17:51:56 IST 2022]; root of context hierarchy
[main] INFO  org.springframework.beans.factory.xml.XmlBeanDefinitionReader  - Loading XML bean definitions from class path resource [spring.xml]
[main] INFO  org.springframework.context.support.ClassPathXmlApplicationContext  - Bean factory for application context [org.springframework.context.support.ClassPathXmlApplicationContext@707f7052]: org.springframework.beans.factory.support.DefaultListableBeanFactory@3d8c7aca
[main] INFO  org.springframework.beans.factory.support.DefaultListableBeanFactory  - Pre-instantiating singletons in org.springframework.beans.factory.support.DefaultListableBeanFactory@3d8c7aca: defining beans [mailSender,velocityEngine,mailService]; root of factory hierarchy
[main] INFO  org.apache.velocity.app.VelocityEngine  - LogSystem has been deprecated. Please use a LogChute implementation.
[main] INFO  org.springframework.beans.factory.support.DefaultListableBeanFactory  - Destroying singletons in org.springframework.beans.factory.support.DefaultListableBeanFactory@3d8c7aca: defining beans [mailSender,velocityEngine,mailService]; root of factory hierarchy
[main] INFO  org.springframework.context.support.ClassPathXmlApplicationContext  - Refreshing org.springframework.context.support.ClassPathXmlApplicationContext@73ad2d6: display name [org.springframework.context.support.ClassPathXmlApplicationContext@73ad2d6]; startup date [Mon Sep 05 17:54:51 IST 2022]; root of context hierarchy
[main] INFO  org.springframework.beans.factory.xml.XmlBeanDefinitionReader  - Loading XML bean definitions from class path resource [spring.xml]
[main] INFO  org.springframework.context.support.ClassPathXmlApplicationContext  - Bean factory for application context [org.springframework.context.support.ClassPathXmlApplicationContext@73ad2d6]: org.springframework.beans.factory.support.DefaultListableBeanFactory@f8c1ddd
[main] INFO  org.springframework.beans.factory.support.DefaultListableBeanFactory  - Pre-instantiating singletons in org.springframework.beans.factory.support.DefaultListableBeanFactory@f8c1ddd: defining beans [mailSender,velocityEngine,mailService]; root of factory hierarchy
[main] INFO  org.apache.velocity.app.VelocityEngine  - LogSystem has been deprecated. Please use a LogChute implementation.
[main] INFO  org.springframework.beans.factory.support.DefaultListableBeanFactory  - Destroying singletons in org.springframework.beans.factory.support.DefaultListableBeanFactory@f8c1ddd: defining beans [mailSender,velocityEngine,mailService]; root of factory hierarchy
[main] INFO  org.springframework.context.support.ClassPathXmlApplicationContext  - Refreshing org.springframework.context.support.ClassPathXmlApplicationContext@707f7052: display name [org.springframework.context.support.ClassPathXmlApplicationContext@707f7052]; startup date [Mon Sep 05 17:55:14 IST 2022]; root of context hierarchy
[main] INFO  org.springframework.beans.factory.xml.XmlBeanDefinitionReader  - Loading XML bean definitions from class path resource [spring.xml]
[main] INFO  org.springframework.context.support.ClassPathXmlApplicationContext  - Bean factory for application context [org.springframework.context.support.ClassPathXmlApplicationContext@707f7052]: org.springframework.beans.factory.support.DefaultListableBeanFactory@3d8c7aca
[main] INFO  org.springframework.beans.factory.support.DefaultListableBeanFactory  - Pre-instantiating singletons in org.springframework.beans.factory.support.DefaultListableBeanFactory@3d8c7aca: defining beans [mailSender,velocityEngine,mailService]; root of factory hierarchy
[main] INFO  org.apache.velocity.app.VelocityEngine  - LogSystem has been deprecated. Please use a LogChute implementation.
[main] INFO  org.springframework.beans.factory.support.DefaultListableBeanFactory  - Destroying singletons in org.springframework.beans.factory.support.DefaultListableBeanFactory@3d8c7aca: defining beans [mailSender,velocityEngine,mailService]; root of factory hierarchy
[main] INFO  org.springframework.context.support.ClassPathXmlApplicationContext  - Refreshing org.springframework.context.support.ClassPathXmlApplicationContext@73ad2d6: display name [org.springframework.context.support.ClassPathXmlApplicationContext@73ad2d6]; startup date [Mon Sep 05 17:56:54 IST 2022]; root of context hierarchy
[main] INFO  org.springframework.beans.factory.xml.XmlBeanDefinitionReader  - Loading XML bean definitions from class path resource [spring.xml]
[main] INFO  org.springframework.context.support.ClassPathXmlApplicationContext  - Bean factory for application context [org.springframework.context.support.ClassPathXmlApplicationContext@73ad2d6]: org.springframework.beans.factory.support.DefaultListableBeanFactory@f8c1ddd
[main] INFO  org.springframework.beans.factory.support.DefaultListableBeanFactory  - Pre-instantiating singletons in org.springframework.beans.factory.support.DefaultListableBeanFactory@f8c1ddd: defining beans [mailSender,velocityEngine,mailService]; root of factory hierarchy
[main] INFO  org.apache.velocity.app.VelocityEngine  - LogSystem has been deprecated. Please use a LogChute implementation.
[main] INFO  com.rclgroup.dolphin.web.vpnSchedular.SendVpnExpiryMail  - path C:\Users\kishe\OneDrive\Documents\RCL_VPN_SETUP\VPNSetupRCL\VpnSetupWSWebApp\config.properties
[main] INFO  com.rclgroup.dolphin.web.vpnSchedular.SendVpnExpiryMail  - Working Directory = C:\Users\kishe\OneDrive\Documents\RCL_VPN_SETUP\VPNSetupRCL\VpnSetupWSWebApp
[main] INFO  com.rclgroup.dolphin.web.vpnSchedular.SendVpnExpiryMail  - DBConnected
[main] INFO  com.rclgroup.dolphin.web.vpnSchedular.SendVpnExpiryMail  - mailAttachmentDir /ApplTop/VAS/ATTACHMENT/
[main] INFO  org.springframework.context.support.ClassPathXmlApplicationContext  - Refreshing org.springframework.context.support.ClassPathXmlApplicationContext@73ad2d6: display name [org.springframework.context.support.ClassPathXmlApplicationContext@73ad2d6]; startup date [Mon Sep 05 17:58:08 IST 2022]; root of context hierarchy
[main] INFO  org.springframework.beans.factory.xml.XmlBeanDefinitionReader  - Loading XML bean definitions from class path resource [spring.xml]
[main] INFO  org.springframework.context.support.ClassPathXmlApplicationContext  - Bean factory for application context [org.springframework.context.support.ClassPathXmlApplicationContext@73ad2d6]: org.springframework.beans.factory.support.DefaultListableBeanFactory@f8c1ddd
[main] INFO  org.springframework.beans.factory.support.DefaultListableBeanFactory  - Pre-instantiating singletons in org.springframework.beans.factory.support.DefaultListableBeanFactory@f8c1ddd: defining beans [mailSender,velocityEngine,mailService]; root of factory hierarchy
[main] INFO  org.apache.velocity.app.VelocityEngine  - LogSystem has been deprecated. Please use a LogChute implementation.
[main] INFO  com.rclgroup.dolphin.web.vpnSchedular.SendVpnExpiryMail  - path C:\Users\kishe\OneDrive\Documents\RCL_VPN_SETUP\VPNSetupRCL\VpnSetupWSWebApp\config.properties
[main] INFO  com.rclgroup.dolphin.web.vpnSchedular.SendVpnExpiryMail  - Working Directory = C:\Users\kishe\OneDrive\Documents\RCL_VPN_SETUP\VPNSetupRCL\VpnSetupWSWebApp
[main] INFO  com.rclgroup.dolphin.web.vpnSchedular.SendVpnExpiryMail  - DBConnected
[main] INFO  com.rclgroup.dolphin.web.vpnSchedular.SendVpnExpiryMail  - mailAttachmentDir /ApplTop/VAS/ATTACHMENT/
[main] INFO  com.rclgroup.dolphin.web.vpnSchedular.SendVpnExpiryMail  -  listOfEmailBeforeExpiry[priyanka.dkl007@gmail.com]
[main] INFO  org.springframework.context.support.ClassPathXmlApplicationContext  - Refreshing org.springframework.context.support.ClassPathXmlApplicationContext@73ad2d6: display name [org.springframework.context.support.ClassPathXmlApplicationContext@73ad2d6]; startup date [Mon Sep 05 20:41:43 IST 2022]; root of context hierarchy
[main] INFO  org.springframework.beans.factory.xml.XmlBeanDefinitionReader  - Loading XML bean definitions from class path resource [spring.xml]
[main] INFO  org.springframework.context.support.ClassPathXmlApplicationContext  - Bean factory for application context [org.springframework.context.support.ClassPathXmlApplicationContext@73ad2d6]: org.springframework.beans.factory.support.DefaultListableBeanFactory@f8c1ddd
[main] INFO  org.springframework.beans.factory.support.DefaultListableBeanFactory  - Pre-instantiating singletons in org.springframework.beans.factory.support.DefaultListableBeanFactory@f8c1ddd: defining beans [mailSender,velocityEngine,mailService]; root of factory hierarchy
[main] INFO  org.apache.velocity.app.VelocityEngine  - LogSystem has been deprecated. Please use a LogChute implementation.
[main] INFO  com.rclgroup.dolphin.web.vpnSchedular.SendVpnExpiryMail  - path C:\Users\kishe\OneDrive\Documents\RCL_VPN_SETUP\VPNSetupRCL\VpnSetupWSWebApp\config.properties
[main] INFO  com.rclgroup.dolphin.web.vpnSchedular.SendVpnExpiryMail  - Working Directory = C:\Users\kishe\OneDrive\Documents\RCL_VPN_SETUP\VPNSetupRCL\VpnSetupWSWebApp
[main] INFO  com.rclgroup.dolphin.web.vpnSchedular.SendVpnExpiryMail  - DBConnected
[main] INFO  com.rclgroup.dolphin.web.vpnSchedular.SendVpnExpiryMail  - mailAttachmentDir /ApplTop/VAS/ATTACHMENT/
[main] INFO  org.springframework.context.support.ClassPathXmlApplicationContext  - Refreshing org.springframework.context.support.ClassPathXmlApplicationContext@73ad2d6: display name [org.springframework.context.support.ClassPathXmlApplicationContext@73ad2d6]; startup date [Mon Sep 05 20:50:40 IST 2022]; root of context hierarchy
[main] INFO  org.springframework.beans.factory.xml.XmlBeanDefinitionReader  - Loading XML bean definitions from class path resource [spring.xml]
[main] INFO  org.springframework.context.support.ClassPathXmlApplicationContext  - Bean factory for application context [org.springframework.context.support.ClassPathXmlApplicationContext@73ad2d6]: org.springframework.beans.factory.support.DefaultListableBeanFactory@f8c1ddd
[main] INFO  org.springframework.beans.factory.support.DefaultListableBeanFactory  - Pre-instantiating singletons in org.springframework.beans.factory.support.DefaultListableBeanFactory@f8c1ddd: defining beans [mailSender,velocityEngine,mailService]; root of factory hierarchy
[main] INFO  org.apache.velocity.app.VelocityEngine  - LogSystem has been deprecated. Please use a LogChute implementation.
[main] INFO  com.rclgroup.dolphin.web.vpnSchedular.SendVpnExpiryMail  - path C:\Users\kishe\OneDrive\Documents\RCL_VPN_SETUP\VPNSetupRCL\VpnSetupWSWebApp\config.properties
[main] INFO  com.rclgroup.dolphin.web.vpnSchedular.SendVpnExpiryMail  - Working Directory = C:\Users\kishe\OneDrive\Documents\RCL_VPN_SETUP\VPNSetupRCL\VpnSetupWSWebApp
[main] INFO  com.rclgroup.dolphin.web.vpnSchedular.SendVpnExpiryMail  - DBConnected
[main] INFO  com.rclgroup.dolphin.web.vpnSchedular.SendVpnExpiryMail  - mailAttachmentDir /ApplTop/VAS/ATTACHMENT/
[main] INFO  com.rclgroup.dolphin.web.vpnSchedular.SendVpnExpiryMail  -  listOfEmailBeforeExpiry[]
[main] INFO  org.apache.velocity.app.VelocityEngine  - Null reference [template 'com/rclgroup/dolphin/web/template/mailTemplateForRemiderOfVpnExpiryToOwner.vm', line 95, column 55] : ${user.href} cannot be resolved.
[main] INFO  org.springframework.context.support.ClassPathXmlApplicationContext  - Refreshing org.springframework.context.support.ClassPathXmlApplicationContext@73ad2d6: display name [org.springframework.context.support.ClassPathXmlApplicationContext@73ad2d6]; startup date [Tue Sep 06 09:51:51 IST 2022]; root of context hierarchy
[main] INFO  org.springframework.beans.factory.xml.XmlBeanDefinitionReader  - Loading XML bean definitions from class path resource [spring.xml]
[main] INFO  org.springframework.context.support.ClassPathXmlApplicationContext  - Bean factory for application context [org.springframework.context.support.ClassPathXmlApplicationContext@73ad2d6]: org.springframework.beans.factory.support.DefaultListableBeanFactory@f8c1ddd
[main] INFO  org.springframework.beans.factory.support.DefaultListableBeanFactory  - Pre-instantiating singletons in org.springframework.beans.factory.support.DefaultListableBeanFactory@f8c1ddd: defining beans [mailSender,velocityEngine,mailService]; root of factory hierarchy
[main] INFO  org.apache.velocity.app.VelocityEngine  - LogSystem has been deprecated. Please use a LogChute implementation.
[main] INFO  com.rclgroup.dolphin.web.vpnSchedular.SendVpnExpiryMail  - path C:\Users\kishe\OneDrive\Documents\RCL_VPN_SETUP\VPNSetupRCL\VpnSetupWSWebApp\config.properties
[main] INFO  com.rclgroup.dolphin.web.vpnSchedular.SendVpnExpiryMail  - Working Directory = C:\Users\kishe\OneDrive\Documents\RCL_VPN_SETUP\VPNSetupRCL\VpnSetupWSWebApp
[main] INFO  com.rclgroup.dolphin.web.vpnSchedular.SendVpnExpiryMail  - DBConnected
[main] INFO  com.rclgroup.dolphin.web.vpnSchedular.SendVpnExpiryMail  - mailAttachmentDir /ApplTop/VAS/ATTACHMENT/
[main] INFO  com.rclgroup.dolphin.web.vpnSchedular.SendVpnExpiryMail  -  listOfEmailBeforeExpiry[]
[main] INFO  org.springframework.context.support.ClassPathXmlApplicationContext  - Refreshing org.springframework.context.support.ClassPathXmlApplicationContext@73ad2d6: display name [org.springframework.context.support.ClassPathXmlApplicationContext@73ad2d6]; startup date [Tue Sep 06 09:53:53 IST 2022]; root of context hierarchy
[main] INFO  org.springframework.beans.factory.xml.XmlBeanDefinitionReader  - Loading XML bean definitions from class path resource [spring.xml]
[main] INFO  org.springframework.context.support.ClassPathXmlApplicationContext  - Bean factory for application context [org.springframework.context.support.ClassPathXmlApplicationContext@73ad2d6]: org.springframework.beans.factory.support.DefaultListableBeanFactory@f8c1ddd
[main] INFO  org.springframework.beans.factory.support.DefaultListableBeanFactory  - Pre-instantiating singletons in org.springframework.beans.factory.support.DefaultListableBeanFactory@f8c1ddd: defining beans [mailSender,velocityEngine,mailService]; root of factory hierarchy
[main] INFO  org.apache.velocity.app.VelocityEngine  - LogSystem has been deprecated. Please use a LogChute implementation.
[main] INFO  com.rclgroup.dolphin.web.vpnSchedular.SendVpnExpiryMail  - path C:\Users\kishe\OneDrive\Documents\RCL_VPN_SETUP\VPNSetupRCL\VpnSetupWSWebApp\config.properties
[main] INFO  com.rclgroup.dolphin.web.vpnSchedular.SendVpnExpiryMail  - Working Directory = C:\Users\kishe\OneDrive\Documents\RCL_VPN_SETUP\VPNSetupRCL\VpnSetupWSWebApp
[main] INFO  com.rclgroup.dolphin.web.vpnSchedular.SendVpnExpiryMail  - DBConnected
[main] INFO  com.rclgroup.dolphin.web.vpnSchedular.SendVpnExpiryMail  - mailAttachmentDir /ApplTop/VAS/ATTACHMENT/
[main] INFO  org.springframework.context.support.ClassPathXmlApplicationContext  - Refreshing org.springframework.context.support.ClassPathXmlApplicationContext@73ad2d6: display name [org.springframework.context.support.ClassPathXmlApplicationContext@73ad2d6]; startup date [Tue Sep 06 09:55:23 IST 2022]; root of context hierarchy
[main] INFO  org.springframework.beans.factory.xml.XmlBeanDefinitionReader  - Loading XML bean definitions from class path resource [spring.xml]
[main] INFO  org.springframework.context.support.ClassPathXmlApplicationContext  - Bean factory for application context [org.springframework.context.support.ClassPathXmlApplicationContext@73ad2d6]: org.springframework.beans.factory.support.DefaultListableBeanFactory@f8c1ddd
[main] INFO  org.springframework.beans.factory.support.DefaultListableBeanFactory  - Pre-instantiating singletons in org.springframework.beans.factory.support.DefaultListableBeanFactory@f8c1ddd: defining beans [mailSender,velocityEngine,mailService]; root of factory hierarchy
[main] INFO  org.apache.velocity.app.VelocityEngine  - LogSystem has been deprecated. Please use a LogChute implementation.
[main] INFO  com.rclgroup.dolphin.web.vpnSchedular.SendVpnExpiryMail  - path C:\Users\kishe\OneDrive\Documents\RCL_VPN_SETUP\VPNSetupRCL\VpnSetupWSWebApp\config.properties
[main] INFO  com.rclgroup.dolphin.web.vpnSchedular.SendVpnExpiryMail  - Working Directory = C:\Users\kishe\OneDrive\Documents\RCL_VPN_SETUP\VPNSetupRCL\VpnSetupWSWebApp
[main] INFO  com.rclgroup.dolphin.web.vpnSchedular.SendVpnExpiryMail  - DBConnected
[main] INFO  com.rclgroup.dolphin.web.vpnSchedular.SendVpnExpiryMail  - mailAttachmentDir /ApplTop/VAS/ATTACHMENT/
[main] INFO  org.springframework.context.support.ClassPathXmlApplicationContext  - Refreshing org.springframework.context.support.ClassPathXmlApplicationContext@73ad2d6: display name [org.springframework.context.support.ClassPathXmlApplicationContext@73ad2d6]; startup date [Tue Sep 06 09:56:21 IST 2022]; root of context hierarchy
[main] INFO  org.springframework.beans.factory.xml.XmlBeanDefinitionReader  - Loading XML bean definitions from class path resource [spring.xml]
[main] INFO  org.springframework.context.support.ClassPathXmlApplicationContext  - Bean factory for application context [org.springframework.context.support.ClassPathXmlApplicationContext@73ad2d6]: org.springframework.beans.factory.support.DefaultListableBeanFactory@f8c1ddd
[main] INFO  org.springframework.beans.factory.support.DefaultListableBeanFactory  - Pre-instantiating singletons in org.springframework.beans.factory.support.DefaultListableBeanFactory@f8c1ddd: defining beans [mailSender,velocityEngine,mailService]; root of factory hierarchy
[main] INFO  org.apache.velocity.app.VelocityEngine  - LogSystem has been deprecated. Please use a LogChute implementation.
[main] INFO  com.rclgroup.dolphin.web.vpnSchedular.SendVpnExpiryMail  - path C:\Users\kishe\OneDrive\Documents\RCL_VPN_SETUP\VPNSetupRCL\VpnSetupWSWebApp\config.properties
[main] INFO  com.rclgroup.dolphin.web.vpnSchedular.SendVpnExpiryMail  - Working Directory = C:\Users\kishe\OneDrive\Documents\RCL_VPN_SETUP\VPNSetupRCL\VpnSetupWSWebApp
[main] INFO  com.rclgroup.dolphin.web.vpnSchedular.SendVpnExpiryMail  - DBConnected
[main] INFO  com.rclgroup.dolphin.web.vpnSchedular.SendVpnExpiryMail  - mailAttachmentDir /ApplTop/VAS/ATTACHMENT/
[main] INFO  com.rclgroup.dolphin.web.vpnSchedular.SendVpnExpiryMail  -  listOfEmailBeforeExpiry[VpnUserMod [emailId=priyanka.dkl007@gmail.com, password=null, location=null, userId=DEV_TEAM, userrole=null, selectedCountry=null, companyName=null, department=null, ownerName=null, reasonForVpn=null, systemName=null, userType=null, projectName=null, status=null, recordAddDate=null, recordAddDUser=null, pkId=null, vpnId=VPN001, effectiveDate=null, expiryDate=null], VpnUserMod [emailId=kmayi.81@gmail.com, password=null, location=null, userId=OWNER_NEW5, userrole=null, selectedCountry=null, companyName=null, department=null, ownerName=null, reasonForVpn=null, systemName=null, userType=null, projectName=null, status=null, recordAddDate=null, recordAddDUser=null, pkId=null, vpnId=VPN95, effectiveDate=null, expiryDate=null]]
[main] INFO  org.springframework.context.support.ClassPathXmlApplicationContext  - Refreshing org.springframework.context.support.ClassPathXmlApplicationContext@73ad2d6: display name [org.springframework.context.support.ClassPathXmlApplicationContext@73ad2d6]; startup date [Tue Sep 06 09:59:13 IST 2022]; root of context hierarchy
[main] INFO  org.springframework.beans.factory.xml.XmlBeanDefinitionReader  - Loading XML bean definitions from class path resource [spring.xml]
[main] INFO  org.springframework.context.support.ClassPathXmlApplicationContext  - Bean factory for application context [org.springframework.context.support.ClassPathXmlApplicationContext@73ad2d6]: org.springframework.beans.factory.support.DefaultListableBeanFactory@f8c1ddd
[main] INFO  org.springframework.beans.factory.support.DefaultListableBeanFactory  - Pre-instantiating singletons in org.springframework.beans.factory.support.DefaultListableBeanFactory@f8c1ddd: defining beans [mailSender,velocityEngine,mailService]; root of factory hierarchy
[main] INFO  org.apache.velocity.app.VelocityEngine  - LogSystem has been deprecated. Please use a LogChute implementation.
[main] INFO  com.rclgroup.dolphin.web.vpnSchedular.SendVpnExpiryMail  - path C:\Users\kishe\OneDrive\Documents\RCL_VPN_SETUP\VPNSetupRCL\VpnSetupWSWebApp\config.properties
[main] INFO  com.rclgroup.dolphin.web.vpnSchedular.SendVpnExpiryMail  - Working Directory = C:\Users\kishe\OneDrive\Documents\RCL_VPN_SETUP\VPNSetupRCL\VpnSetupWSWebApp
[main] INFO  com.rclgroup.dolphin.web.vpnSchedular.SendVpnExpiryMail  - DBConnected
[main] INFO  com.rclgroup.dolphin.web.vpnSchedular.SendVpnExpiryMail  - mailAttachmentDir /ApplTop/VAS/ATTACHMENT/
[main] INFO  com.rclgroup.dolphin.web.vpnSchedular.SendVpnExpiryMail  -  listOfEmailBeforeExpiry[VpnUserMod [emailId=priyanka.dkl007@gmail.com, password=null, location=null, userId=DEV_TEAM, userrole=null, selectedCountry=null, companyName=null, department=null, ownerName=null, reasonForVpn=null, systemName=null, userType=null, projectName=null, status=null, recordAddDate=null, recordAddDUser=null, pkId=null, vpnId=VPN001, effectiveDate=null, expiryDate=null], VpnUserMod [emailId=kmayi.81@gmail.com, password=null, location=null, userId=OWNER_NEW5, userrole=null, selectedCountry=null, companyName=null, department=null, ownerName=null, reasonForVpn=null, systemName=null, userType=null, projectName=null, status=null, recordAddDate=null, recordAddDUser=null, pkId=null, vpnId=VPN95, effectiveDate=null, expiryDate=null]]
[main] INFO  org.springframework.context.support.ClassPathXmlApplicationContext  - Refreshing org.springframework.context.support.ClassPathXmlApplicationContext@73ad2d6: display name [org.springframework.context.support.ClassPathXmlApplicationContext@73ad2d6]; startup date [Tue Sep 06 10:08:14 IST 2022]; root of context hierarchy
[main] INFO  org.springframework.beans.factory.xml.XmlBeanDefinitionReader  - Loading XML bean definitions from class path resource [spring.xml]
[main] INFO  org.springframework.context.support.ClassPathXmlApplicationContext  - Bean factory for application context [org.springframework.context.support.ClassPathXmlApplicationContext@73ad2d6]: org.springframework.beans.factory.support.DefaultListableBeanFactory@f8c1ddd
[main] INFO  org.springframework.beans.factory.support.DefaultListableBeanFactory  - Pre-instantiating singletons in org.springframework.beans.factory.support.DefaultListableBeanFactory@f8c1ddd: defining beans [mailSender,velocityEngine,mailService]; root of factory hierarchy
[main] INFO  org.apache.velocity.app.VelocityEngine  - LogSystem has been deprecated. Please use a LogChute implementation.
[main] INFO  com.rclgroup.dolphin.web.vpnSchedular.SendVpnExpiryMail  - path C:\Users\kishe\OneDrive\Documents\RCL_VPN_SETUP\VPNSetupRCL\VpnSetupWSWebApp\config.properties
[main] INFO  com.rclgroup.dolphin.web.vpnSchedular.SendVpnExpiryMail  - Working Directory = C:\Users\kishe\OneDrive\Documents\RCL_VPN_SETUP\VPNSetupRCL\VpnSetupWSWebApp
[main] INFO  com.rclgroup.dolphin.web.vpnSchedular.SendVpnExpiryMail  - DBConnected
[main] INFO  com.rclgroup.dolphin.web.vpnSchedular.SendVpnExpiryMail  - mailAttachmentDir /ApplTop/VAS/ATTACHMENT/
[main] INFO  com.rclgroup.dolphin.web.vpnSchedular.SendVpnExpiryMail  -  listOfEmailBeforeExpiry[VpnUserMod [emailId=priyanka.dkl007@gmail.com, password=null, location=null, userId=DEV_TEAM, userrole=null, selectedCountry=null, companyName=null, department=null, ownerName=null, reasonForVpn=null, systemName=null, userType=null, projectName=null, status=null, recordAddDate=null, recordAddDUser=null, pkId=null, vpnId=VPN001, effectiveDate=null, expiryDate=null], VpnUserMod [emailId=kmayi.81@gmail.com, password=null, location=null, userId=OWNER_NEW5, userrole=null, selectedCountry=null, companyName=null, department=null, ownerName=null, reasonForVpn=null, systemName=null, userType=null, projectName=null, status=null, recordAddDate=null, recordAddDUser=null, pkId=null, vpnId=VPN95, effectiveDate=null, expiryDate=null]]
[main] INFO  org.springframework.context.support.ClassPathXmlApplicationContext  - Refreshing org.springframework.context.support.ClassPathXmlApplicationContext@73ad2d6: display name [org.springframework.context.support.ClassPathXmlApplicationContext@73ad2d6]; startup date [Tue Sep 06 10:12:51 IST 2022]; root of context hierarchy
[main] INFO  org.springframework.beans.factory.xml.XmlBeanDefinitionReader  - Loading XML bean definitions from class path resource [spring.xml]
[main] INFO  org.springframework.context.support.ClassPathXmlApplicationContext  - Bean factory for application context [org.springframework.context.support.ClassPathXmlApplicationContext@73ad2d6]: org.springframework.beans.factory.support.DefaultListableBeanFactory@f8c1ddd
[main] INFO  org.springframework.beans.factory.support.DefaultListableBeanFactory  - Pre-instantiating singletons in org.springframework.beans.factory.support.DefaultListableBeanFactory@f8c1ddd: defining beans [mailSender,velocityEngine,mailService]; root of factory hierarchy
[main] INFO  org.apache.velocity.app.VelocityEngine  - LogSystem has been deprecated. Please use a LogChute implementation.
[main] INFO  com.rclgroup.dolphin.web.vpnSchedular.SendVpnExpiryMail  - path C:\Users\kishe\OneDrive\Documents\RCL_VPN_SETUP\VPNSetupRCL\VpnSetupWSWebApp\config.properties
[main] INFO  com.rclgroup.dolphin.web.vpnSchedular.SendVpnExpiryMail  - Working Directory = C:\Users\kishe\OneDrive\Documents\RCL_VPN_SETUP\VPNSetupRCL\VpnSetupWSWebApp
[main] INFO  com.rclgroup.dolphin.web.vpnSchedular.SendVpnExpiryMail  - DBConnected
[main] INFO  com.rclgroup.dolphin.web.vpnSchedular.SendVpnExpiryMail  - mailAttachmentDir /ApplTop/VAS/ATTACHMENT/
[main] INFO  com.rclgroup.dolphin.web.vpnSchedular.SendVpnExpiryMail  -  listOfEmailBeforeExpiry[VpnUserMod [emailId=priyanka.dkl007@gmail.com, password=null, location=null, userId=DEV_TEAM, userrole=null, selectedCountry=null, companyName=null, department=null, ownerName=null, reasonForVpn=null, systemName=null, userType=null, projectName=null, status=null, recordAddDate=null, recordAddDUser=null, pkId=null, vpnId=VPN001, effectiveDate=null, expiryDate=null], VpnUserMod [emailId=kmayi.81@gmail.com, password=null, location=null, userId=OWNER_NEW5, userrole=null, selectedCountry=null, companyName=null, department=null, ownerName=null, reasonForVpn=null, systemName=null, userType=null, projectName=null, status=null, recordAddDate=null, recordAddDUser=null, pkId=null, vpnId=VPN95, effectiveDate=null, expiryDate=null]]
[main] INFO  org.springframework.context.support.ClassPathXmlApplicationContext  - Refreshing org.springframework.context.support.ClassPathXmlApplicationContext@73ad2d6: display name [org.springframework.context.support.ClassPathXmlApplicationContext@73ad2d6]; startup date [Tue Sep 06 10:22:58 IST 2022]; root of context hierarchy
[main] INFO  org.springframework.beans.factory.xml.XmlBeanDefinitionReader  - Loading XML bean definitions from class path resource [spring.xml]
[main] INFO  org.springframework.context.support.ClassPathXmlApplicationContext  - Bean factory for application context [org.springframework.context.support.ClassPathXmlApplicationContext@73ad2d6]: org.springframework.beans.factory.support.DefaultListableBeanFactory@f8c1ddd
[main] INFO  org.springframework.beans.factory.support.DefaultListableBeanFactory  - Pre-instantiating singletons in org.springframework.beans.factory.support.DefaultListableBeanFactory@f8c1ddd: defining beans [mailSender,velocityEngine,mailService]; root of factory hierarchy
[main] INFO  org.apache.velocity.app.VelocityEngine  - LogSystem has been deprecated. Please use a LogChute implementation.
[main] INFO  com.rclgroup.dolphin.web.vpnSchedular.SendVpnExpiryMail  - path C:\Users\kishe\OneDrive\Documents\RCL_VPN_SETUP\VPNSetupRCL\VpnSetupWSWebApp\config.properties
[main] INFO  com.rclgroup.dolphin.web.vpnSchedular.SendVpnExpiryMail  - Working Directory = C:\Users\kishe\OneDrive\Documents\RCL_VPN_SETUP\VPNSetupRCL\VpnSetupWSWebApp
[main] INFO  com.rclgroup.dolphin.web.vpnSchedular.SendVpnExpiryMail  - DBConnected
[main] INFO  com.rclgroup.dolphin.web.vpnSchedular.SendVpnExpiryMail  - mailAttachmentDir /ApplTop/VAS/ATTACHMENT/
[main] INFO  com.rclgroup.dolphin.web.vpnSchedular.SendVpnExpiryMail  -  listOfEmailBeforeExpiry[VpnUserMod [emailId=priyanka.dkl007@gmail.com, password=null, location=null, userId=DEV_TEAM, userrole=null, selectedCountry=null, companyName=null, department=null, ownerName=null, reasonForVpn=null, systemName=null, userType=null, projectName=null, status=null, recordAddDate=null, recordAddDUser=null, pkId=null, vpnId=VPN001, effectiveDate=null, expiryDate=null], VpnUserMod [emailId=kmayi.81@gmail.com, password=null, location=null, userId=OWNER_NEW5, userrole=null, selectedCountry=null, companyName=null, department=null, ownerName=null, reasonForVpn=null, systemName=null, userType=null, projectName=null, status=null, recordAddDate=null, recordAddDUser=null, pkId=null, vpnId=VPN95, effectiveDate=null, expiryDate=null]]
[main] INFO  org.springframework.context.support.ClassPathXmlApplicationContext  - Refreshing org.springframework.context.support.ClassPathXmlApplicationContext@73ad2d6: display name [org.springframework.context.support.ClassPathXmlApplicationContext@73ad2d6]; startup date [Tue Sep 06 10:25:36 IST 2022]; root of context hierarchy
[main] INFO  org.springframework.beans.factory.xml.XmlBeanDefinitionReader  - Loading XML bean definitions from class path resource [spring.xml]
[main] INFO  org.springframework.context.support.ClassPathXmlApplicationContext  - Bean factory for application context [org.springframework.context.support.ClassPathXmlApplicationContext@73ad2d6]: org.springframework.beans.factory.support.DefaultListableBeanFactory@f8c1ddd
[main] INFO  org.springframework.beans.factory.support.DefaultListableBeanFactory  - Pre-instantiating singletons in org.springframework.beans.factory.support.DefaultListableBeanFactory@f8c1ddd: defining beans [mailSender,velocityEngine,mailService]; root of factory hierarchy
[main] INFO  org.apache.velocity.app.VelocityEngine  - LogSystem has been deprecated. Please use a LogChute implementation.
[main] INFO  com.rclgroup.dolphin.web.vpnSchedular.SendVpnExpiryMail  - path C:\Users\kishe\OneDrive\Documents\RCL_VPN_SETUP\VPNSetupRCL\VpnSetupWSWebApp\config.properties
[main] INFO  com.rclgroup.dolphin.web.vpnSchedular.SendVpnExpiryMail  - Working Directory = C:\Users\kishe\OneDrive\Documents\RCL_VPN_SETUP\VPNSetupRCL\VpnSetupWSWebApp
[main] INFO  com.rclgroup.dolphin.web.vpnSchedular.SendVpnExpiryMail  - DBConnected
[main] INFO  com.rclgroup.dolphin.web.vpnSchedular.SendVpnExpiryMail  - mailAttachmentDir /ApplTop/VAS/ATTACHMENT/
[main] INFO  com.rclgroup.dolphin.web.vpnSchedular.SendVpnExpiryMail  -  listOfEmailBeforeExpiry[VpnUserMod [emailId=priyanka.dkl007@gmail.com, password=null, location=null, userId=DEV_TEAM, userrole=null, selectedCountry=null, companyName=null, department=null, ownerName=null, reasonForVpn=null, systemName=null, userType=null, projectName=null, status=null, recordAddDate=null, recordAddDUser=null, pkId=null, vpnId=VPN001, effectiveDate=null, expiryDate=null], VpnUserMod [emailId=kmayi.81@gmail.com, password=null, location=null, userId=OWNER_NEW5, userrole=null, selectedCountry=null, companyName=null, department=null, ownerName=null, reasonForVpn=null, systemName=null, userType=null, projectName=null, status=null, recordAddDate=null, recordAddDUser=null, pkId=null, vpnId=VPN95, effectiveDate=null, expiryDate=null]]
[main] INFO  com.rclgroup.dolphin.web.vpnSchedular.SendVpnExpiryMail  -  listOfEmailBeforeExpiry[VpnUserMod [emailId=priyanka.dkl007@gmail.com, password=null, location=null, userId=DEV_TEAM, userrole=null, selectedCountry=null, companyName=null, department=null, ownerName=null, reasonForVpn=null, systemName=null, userType=null, projectName=null, status=null, recordAddDate=null, recordAddDUser=null, pkId=null, vpnId=VPN001, effectiveDate=null, expiryDate=null], VpnUserMod [emailId=kmayi.81@gmail.com, password=null, location=null, userId=OWNER_NEW5, userrole=null, selectedCountry=null, companyName=null, department=null, ownerName=null, reasonForVpn=null, systemName=null, userType=null, projectName=null, status=null, recordAddDate=null, recordAddDUser=null, pkId=null, vpnId=VPN95, effectiveDate=null, expiryDate=null]]
